F:\CHENGLONG\GITHUB\OPENGL\OPENGL\SAMPLE\DEBUG\SAMPLE.PCH
F:\CHENGLONG\GITHUB\OPENGL\OPENGL\SAMPLE\DEBUG\STDAFX.OBJ
F:\CHENGLONG\GITHUB\OPENGL\OPENGL\SAMPLE\DEBUG\VC110.PDB
F:\CHENGLONG\GITHUB\OPENGL\OPENGL\SAMPLE\DEBUG\SAMPLE.OBJ
F:\CHENGLONG\GITHUB\OPENGL\OPENGL\SAMPLE\DEBUG\LINE_STAR.OBJ
F:\CHENGLONG\GITHUB\OPENGL\OPENGL\DEBUG\SAMPLE.ILK
F:\CHENGLONG\GITHUB\OPENGL\OPENGL\DEBUG\SAMPLE.EXE
F:\CHENGLONG\GITHUB\OPENGL\OPENGL\DEBUG\SAMPLE.PDB
F:\chenglong\GitHub\OpenGL\OpenGL\Sample\Debug\line_star.obj
F:\chenglong\GitHub\OpenGL\OpenGL\Sample\Debug\Sample.obj
F:\chenglong\GitHub\OpenGL\OpenGL\Sample\Debug\stdafx.obj
F:\chenglong\GitHub\OpenGL\OpenGL\Sample\Debug\cl.command.1.tlog
F:\chenglong\GitHub\OpenGL\OpenGL\Sample\Debug\CL.read.1.tlog
F:\chenglong\GitHub\OpenGL\OpenGL\Sample\Debug\CL.write.1.tlog
F:\chenglong\GitHub\OpenGL\OpenGL\Sample\Debug\link-cvtres.read.1.tlog
F:\chenglong\GitHub\OpenGL\OpenGL\Sample\Debug\link-cvtres.write.1.tlog
F:\chenglong\GitHub\OpenGL\OpenGL\Sample\Debug\link-rc.read.1.tlog
F:\chenglong\GitHub\OpenGL\OpenGL\Sample\Debug\link-rc.write.1.tlog
F:\chenglong\GitHub\OpenGL\OpenGL\Sample\Debug\link.4160-cvtres.read.1.tlog
F:\chenglong\GitHub\OpenGL\OpenGL\Sample\Debug\link.4160-cvtres.write.1.tlog
F:\chenglong\GitHub\OpenGL\OpenGL\Sample\Debug\link.4160-rc.read.1.tlog
F:\chenglong\GitHub\OpenGL\OpenGL\Sample\Debug\link.4160-rc.write.1.tlog
F:\chenglong\GitHub\OpenGL\OpenGL\Sample\Debug\link.4160.read.1.tlog
F:\chenglong\GitHub\OpenGL\OpenGL\Sample\Debug\link.4160.write.1.tlog
F:\chenglong\GitHub\OpenGL\OpenGL\Sample\Debug\link.command.1.tlog
F:\chenglong\GitHub\OpenGL\OpenGL\Sample\Debug\link.read.1.tlog
F:\chenglong\GitHub\OpenGL\OpenGL\Sample\Debug\link.write.1.tlog
F:\chenglong\GitHub\OpenGL\OpenGL\Sample\Debug\Sample.pch
F:\chenglong\GitHub\OpenGL\OpenGL\Sample\Debug\vc110.idb
F:\chenglong\GitHub\OpenGL\OpenGL\Sample\Debug\vc110.pdb
F:\chenglong\GitHub\OpenGL\OpenGL\Debug\Sample.pdb
F:\chenglong\GitHub\OpenGL\OpenGL\Debug\Sample.exe
F:\chenglong\GitHub\OpenGL\OpenGL\Debug\Sample.ilk
