F:\CHENGLONG\GITHUB\OPENGL\CH1\CH1\DEBUG\CH1.PCH
F:\CHENGLONG\GITHUB\OPENGL\CH1\CH1\DEBUG\STDAFX.OBJ
F:\CHENGLONG\GITHUB\OPENGL\CH1\CH1\DEBUG\VC110.PDB
F:\CHENGLONG\GITHUB\OPENGL\CH1\CH1\DEBUG\CH1.OBJ
F:\CHENGLONG\GITHUB\OPENGL\CH1\CH1\DEBUG\EXAMPLE1_2.OBJ
F:\CHENGLONG\GITHUB\OPENGL\CH1\CH1\DEBUG\EXAMPLE1_3.OBJ
F:\CHENGLONG\GITHUB\OPENGL\CH1\DEBUG\CH1.ILK
F:\CHENGLONG\GITHUB\OPENGL\CH1\DEBUG\CH1.EXE
F:\CHENGLONG\GITHUB\OPENGL\CH1\DEBUG\CH1.PDB
F:\chenglong\GitHub\OpenGL\CH1\CH1\Debug\CH1.obj
F:\chenglong\GitHub\OpenGL\CH1\CH1\Debug\example1_2.obj
F:\chenglong\GitHub\OpenGL\CH1\CH1\Debug\example1_3.obj
F:\chenglong\GitHub\OpenGL\CH1\CH1\Debug\stdafx.obj
F:\chenglong\GitHub\OpenGL\CH1\CH1\Debug\cl.command.1.tlog
F:\chenglong\GitHub\OpenGL\CH1\CH1\Debug\CL.read.1.tlog
F:\chenglong\GitHub\OpenGL\CH1\CH1\Debug\CL.write.1.tlog
F:\chenglong\GitHub\OpenGL\CH1\CH1\Debug\link-cvtres.read.1.tlog
F:\chenglong\GitHub\OpenGL\CH1\CH1\Debug\link-cvtres.write.1.tlog
F:\chenglong\GitHub\OpenGL\CH1\CH1\Debug\link-rc.read.1.tlog
F:\chenglong\GitHub\OpenGL\CH1\CH1\Debug\link-rc.write.1.tlog
F:\chenglong\GitHub\OpenGL\CH1\CH1\Debug\link.5204-cvtres.read.1.tlog
F:\chenglong\GitHub\OpenGL\CH1\CH1\Debug\link.5204-cvtres.write.1.tlog
F:\chenglong\GitHub\OpenGL\CH1\CH1\Debug\link.5204-rc.read.1.tlog
F:\chenglong\GitHub\OpenGL\CH1\CH1\Debug\link.5204-rc.write.1.tlog
F:\chenglong\GitHub\OpenGL\CH1\CH1\Debug\link.5204.read.1.tlog
F:\chenglong\GitHub\OpenGL\CH1\CH1\Debug\link.5204.write.1.tlog
F:\chenglong\GitHub\OpenGL\CH1\CH1\Debug\link.5328-cvtres.read.1.tlog
F:\chenglong\GitHub\OpenGL\CH1\CH1\Debug\link.5328-cvtres.write.1.tlog
F:\chenglong\GitHub\OpenGL\CH1\CH1\Debug\link.5328-rc.read.1.tlog
F:\chenglong\GitHub\OpenGL\CH1\CH1\Debug\link.5328-rc.write.1.tlog
F:\chenglong\GitHub\OpenGL\CH1\CH1\Debug\link.5328.read.1.tlog
F:\chenglong\GitHub\OpenGL\CH1\CH1\Debug\link.5328.write.1.tlog
F:\chenglong\GitHub\OpenGL\CH1\CH1\Debug\link.5628-cvtres.read.1.tlog
F:\chenglong\GitHub\OpenGL\CH1\CH1\Debug\link.5628-cvtres.write.1.tlog
F:\chenglong\GitHub\OpenGL\CH1\CH1\Debug\link.5628-rc.read.1.tlog
F:\chenglong\GitHub\OpenGL\CH1\CH1\Debug\link.5628-rc.write.1.tlog
F:\chenglong\GitHub\OpenGL\CH1\CH1\Debug\link.5628.read.1.tlog
F:\chenglong\GitHub\OpenGL\CH1\CH1\Debug\link.5628.write.1.tlog
F:\chenglong\GitHub\OpenGL\CH1\CH1\Debug\link.6100-cvtres.read.1.tlog
F:\chenglong\GitHub\OpenGL\CH1\CH1\Debug\link.6100-cvtres.write.1.tlog
F:\chenglong\GitHub\OpenGL\CH1\CH1\Debug\link.6100-rc.read.1.tlog
F:\chenglong\GitHub\OpenGL\CH1\CH1\Debug\link.6100-rc.write.1.tlog
F:\chenglong\GitHub\OpenGL\CH1\CH1\Debug\link.6100.read.1.tlog
F:\chenglong\GitHub\OpenGL\CH1\CH1\Debug\link.6100.write.1.tlog
F:\chenglong\GitHub\OpenGL\CH1\CH1\Debug\link.6224-cvtres.read.1.tlog
F:\chenglong\GitHub\OpenGL\CH1\CH1\Debug\link.6224-cvtres.write.1.tlog
F:\chenglong\GitHub\OpenGL\CH1\CH1\Debug\link.6224-rc.read.1.tlog
F:\chenglong\GitHub\OpenGL\CH1\CH1\Debug\link.6224-rc.write.1.tlog
F:\chenglong\GitHub\OpenGL\CH1\CH1\Debug\link.6224.read.1.tlog
F:\chenglong\GitHub\OpenGL\CH1\CH1\Debug\link.6224.write.1.tlog
F:\chenglong\GitHub\OpenGL\CH1\CH1\Debug\link.6476-cvtres.read.1.tlog
F:\chenglong\GitHub\OpenGL\CH1\CH1\Debug\link.6476-cvtres.write.1.tlog
F:\chenglong\GitHub\OpenGL\CH1\CH1\Debug\link.6476-rc.read.1.tlog
F:\chenglong\GitHub\OpenGL\CH1\CH1\Debug\link.6476-rc.write.1.tlog
F:\chenglong\GitHub\OpenGL\CH1\CH1\Debug\link.6476.read.1.tlog
F:\chenglong\GitHub\OpenGL\CH1\CH1\Debug\link.6476.write.1.tlog
F:\chenglong\GitHub\OpenGL\CH1\CH1\Debug\link.7044-cvtres.read.1.tlog
F:\chenglong\GitHub\OpenGL\CH1\CH1\Debug\link.7044-cvtres.write.1.tlog
F:\chenglong\GitHub\OpenGL\CH1\CH1\Debug\link.7044-rc.read.1.tlog
F:\chenglong\GitHub\OpenGL\CH1\CH1\Debug\link.7044-rc.write.1.tlog
F:\chenglong\GitHub\OpenGL\CH1\CH1\Debug\link.7044.read.1.tlog
F:\chenglong\GitHub\OpenGL\CH1\CH1\Debug\link.7044.write.1.tlog
F:\chenglong\GitHub\OpenGL\CH1\CH1\Debug\link.8184-cvtres.read.1.tlog
F:\chenglong\GitHub\OpenGL\CH1\CH1\Debug\link.8184-cvtres.write.1.tlog
F:\chenglong\GitHub\OpenGL\CH1\CH1\Debug\link.8184-rc.read.1.tlog
F:\chenglong\GitHub\OpenGL\CH1\CH1\Debug\link.8184-rc.write.1.tlog
F:\chenglong\GitHub\OpenGL\CH1\CH1\Debug\link.8184.read.1.tlog
F:\chenglong\GitHub\OpenGL\CH1\CH1\Debug\link.8184.write.1.tlog
F:\chenglong\GitHub\OpenGL\CH1\CH1\Debug\link.command.1.tlog
F:\chenglong\GitHub\OpenGL\CH1\CH1\Debug\link.read.1.tlog
F:\chenglong\GitHub\OpenGL\CH1\CH1\Debug\link.write.1.tlog
F:\chenglong\GitHub\OpenGL\CH1\CH1\Debug\CH1.pch
F:\chenglong\GitHub\OpenGL\CH1\CH1\Debug\vc110.idb
F:\chenglong\GitHub\OpenGL\CH1\CH1\Debug\vc110.pdb
F:\chenglong\GitHub\OpenGL\CH1\Debug\CH1.pdb
F:\chenglong\GitHub\OpenGL\CH1\Debug\CH1.exe
F:\chenglong\GitHub\OpenGL\CH1\Debug\CH1.ilk
