F:\CHENGLONG\GITHUB\OPENGL\OPENGL\CH1\DEBUG\CH1.PCH
F:\CHENGLONG\GITHUB\OPENGL\OPENGL\CH1\DEBUG\STDAFX.OBJ
F:\CHENGLONG\GITHUB\OPENGL\OPENGL\CH1\DEBUG\VC110.PDB
F:\CHENGLONG\GITHUB\OPENGL\OPENGL\CH1\DEBUG\CH1.OBJ
F:\CHENGLONG\GITHUB\OPENGL\OPENGL\CH1\DEBUG\EXAMPLE1_2.OBJ
F:\CHENGLONG\GITHUB\OPENGL\OPENGL\CH1\DEBUG\EXAMPLE1_3.OBJ
F:\CHENGLONG\GITHUB\OPENGL\OPENGL\CH1\DEBUG\VERSION.OBJ
F:\CHENGLONG\GITHUB\OPENGL\OPENGL\CH1\DEBUG\CH1_1.OBJ
F:\CHENGLONG\GITHUB\OPENGL\OPENGL\CH1\DEBUG\1_2.OBJ
F:\CHENGLONG\GITHUB\OPENGL\OPENGL\CH1\DEBUG\1_3.OBJ
F:\CHENGLONG\GITHUB\OPENGL\OPENGL\CH1\DEBUG\CH1_2.OBJ
F:\CHENGLONG\GITHUB\OPENGL\OPENGL\DEBUG\CH1.ILK
F:\CHENGLONG\GITHUB\OPENGL\OPENGL\DEBUG\CH1.EXE
F:\CHENGLONG\GITHUB\OPENGL\OPENGL\DEBUG\CH1.PDB
F:\chenglong\GitHub\OpenGL\OpenGL\CH1\Debug\1_2.obj
F:\chenglong\GitHub\OpenGL\OpenGL\CH1\Debug\1_3.obj
F:\chenglong\GitHub\OpenGL\OpenGL\CH1\Debug\CH1.obj
F:\chenglong\GitHub\OpenGL\OpenGL\CH1\Debug\CH1_1.obj
F:\chenglong\GitHub\OpenGL\OpenGL\CH1\Debug\CH1_2.obj
F:\chenglong\GitHub\OpenGL\OpenGL\CH1\Debug\example1_2.obj
F:\chenglong\GitHub\OpenGL\OpenGL\CH1\Debug\example1_3.obj
F:\chenglong\GitHub\OpenGL\OpenGL\CH1\Debug\stdafx.obj
F:\chenglong\GitHub\OpenGL\OpenGL\CH1\Debug\Version.obj
F:\chenglong\GitHub\OpenGL\OpenGL\CH1\Debug\cl.command.1.tlog
F:\chenglong\GitHub\OpenGL\OpenGL\CH1\Debug\CL.read.1.tlog
F:\chenglong\GitHub\OpenGL\OpenGL\CH1\Debug\CL.write.1.tlog
F:\chenglong\GitHub\OpenGL\OpenGL\CH1\Debug\link-cvtres.read.1.tlog
F:\chenglong\GitHub\OpenGL\OpenGL\CH1\Debug\link-cvtres.write.1.tlog
F:\chenglong\GitHub\OpenGL\OpenGL\CH1\Debug\link-rc.read.1.tlog
F:\chenglong\GitHub\OpenGL\OpenGL\CH1\Debug\link-rc.write.1.tlog
F:\chenglong\GitHub\OpenGL\OpenGL\CH1\Debug\link.10580-cvtres.read.1.tlog
F:\chenglong\GitHub\OpenGL\OpenGL\CH1\Debug\link.10580-cvtres.write.1.tlog
F:\chenglong\GitHub\OpenGL\OpenGL\CH1\Debug\link.10580-rc.read.1.tlog
F:\chenglong\GitHub\OpenGL\OpenGL\CH1\Debug\link.10580-rc.write.1.tlog
F:\chenglong\GitHub\OpenGL\OpenGL\CH1\Debug\link.10580.read.1.tlog
F:\chenglong\GitHub\OpenGL\OpenGL\CH1\Debug\link.10580.write.1.tlog
F:\chenglong\GitHub\OpenGL\OpenGL\CH1\Debug\link.8656-cvtres.read.1.tlog
F:\chenglong\GitHub\OpenGL\OpenGL\CH1\Debug\link.8656-cvtres.write.1.tlog
F:\chenglong\GitHub\OpenGL\OpenGL\CH1\Debug\link.8656-rc.read.1.tlog
F:\chenglong\GitHub\OpenGL\OpenGL\CH1\Debug\link.8656-rc.write.1.tlog
F:\chenglong\GitHub\OpenGL\OpenGL\CH1\Debug\link.8656.read.1.tlog
F:\chenglong\GitHub\OpenGL\OpenGL\CH1\Debug\link.8656.write.1.tlog
F:\chenglong\GitHub\OpenGL\OpenGL\CH1\Debug\link.command.1.tlog
F:\chenglong\GitHub\OpenGL\OpenGL\CH1\Debug\link.read.1.tlog
F:\chenglong\GitHub\OpenGL\OpenGL\CH1\Debug\link.write.1.tlog
F:\chenglong\GitHub\OpenGL\OpenGL\CH1\Debug\CH1.pch
F:\chenglong\GitHub\OpenGL\OpenGL\CH1\Debug\vc110.idb
F:\chenglong\GitHub\OpenGL\OpenGL\CH1\Debug\vc110.pdb
F:\chenglong\GitHub\OpenGL\OpenGL\Debug\CH1.pdb
F:\chenglong\GitHub\OpenGL\OpenGL\Debug\CH1.exe
F:\chenglong\GitHub\OpenGL\OpenGL\Debug\CH1.ilk
